[    13.592] 
X.Org X Server 1.20.9
X Protocol Version 11, Revision 0
[    13.592] Build Operating System: Linux 4.15.0-140-generic x86_64 Ubuntu
[    13.592] Current Operating System: Linux daniel-VirtualBox 5.4.0-74-generic #83-Ubuntu SMP Sat May 8 02:35:39 UTC 2021 x86_64
[    13.592] Kernel command line: BOOT_IMAGE=/boot/vmlinuz-5.4.0-74-generic root=UUID=61050b6b-a720-4f0a-8975-5f0e9792ed5b ro quiet splash
[    13.592] Build Date: 08 April 2021  12:29:22PM
[    13.592] xorg-server 2:1.20.9-2ubuntu1.2~20.04.2 (For technical support please see http://www.ubuntu.com/support) 
[    13.592] Current version of pixman: 0.38.4
[    13.592] 	Before reporting problems, check http://wiki.x.org
	to make sure that you have the latest version.
[    13.592] Markers: (--) probed, (**) from config file, (==) default setting,
	(++) from command line, (!!) notice, (Information) informational,
	(Warning) warning, (EE) error, (NI) not implemented, (??) unknown.
[    13.592] (==) Log file: "/var/log/Xorg.0.log", Time: Tue Nov  2 23:47:19 2021
[    13.593] (==) Using system config directory "/usr/share/X11/xorg.conf.d"
[    13.594] (==) No Layout section.  Using the first Screen section.
[    13.594] (==) No screen section available. Using defaults.
[    13.594] (**) |-->Screen "Default Screen Section" (0)
[    13.594] (**) |   |-->Monitor "<default monitor>"
[    13.595] (==) No monitor specified for screen "Default Screen Section".
	Using a default monitor configuration.
[    13.595] (==) Automatically adding devices
[    13.595] (==) Automatically enabling devices
[    13.595] (==) Automatically adding GPU devices
[    13.595] (==) Automatically binding GPU devices
[    13.595] (==) Max clients allowed: 256, resource mask: 0x1fffff
[    13.597] (Warning) The directory "/usr/share/fonts/X11/cyrillic" does not exist.
[    13.597] 	Entry deleted from font path.
[    13.597] (Warning) The directory "/usr/share/fonts/X11/100dpi/" does not exist.
[    13.597] 	Entry deleted from font path.
[    13.597] (Warning) The directory "/usr/share/fonts/X11/75dpi/" does not exist.
[    13.597] 	Entry deleted from font path.
[    13.597] (Warning) The directory "/usr/share/fonts/X11/100dpi" does not exist.
[    13.597] 	Entry deleted from font path.
[    13.597] (Warning) The directory "/usr/share/fonts/X11/75dpi" does not exist.
[    13.597] 	Entry deleted from font path.
[    13.597] (==) FontPath set to:
	/usr/share/fonts/X11/misc,
	/usr/share/fonts/X11/Type1,
	built-ins
[    13.597] (==) ModulePath set to "/usr/lib/xorg/modules"
[    13.597] (Information) The server relies on udev to provide the list of input devices.
	If no devices become available, reconfigure udev or disable AutoAddDevices.
[    13.597] (Information) Loader magic: 0x558440eca020
[    13.597] (Information) Module ABI versions:
[    13.597] 	X.Org ANSI C Emulation: 0.4
[    13.597] 	X.Org Video Driver: 24.1
[    13.597] 	X.Org XInput driver : 24.1
[    13.597] 	X.Org Server Extension : 10.0
[    13.598] (++) using VT number 7

[    13.598] (Information) systemd-logind: logind integration requires -keeptty and -keeptty was not provided, disabling logind integration
[    13.599] (Information) xfree86: Adding drm device (/dev/dri/card0)
[    13.602] (--) PCI:*(0@0:2:0) 15ad:0405:15ad:0405 rev 0, Mem @ 0xe0000000/16777216, 0xf0000000/2097152, I/O @ 0x0000d010/16, BIOS @ 0x????????/131072
[    13.605] (Information) LoadModule: "glx"
[    13.606] (Information) Loading /usr/lib/xorg/modules/extensions/libglx.so
[    13.610] (Information) Module glx: vendor="X.Org Foundation"
[    13.610] 	compiled for 1.20.9, module version = 1.0.0
[    13.610] 	ABI class: X.Org Server Extension, version 10.0
[    13.610] (==) Matched vmware as autoconfigured driver 0
[    13.610] (==) Matched modesetting as autoconfigured driver 1
[    13.610] (==) Matched fbdev as autoconfigured driver 2
[    13.610] (==) Matched vesa as autoconfigured driver 3
[    13.610] (==) Assigned the driver to the xf86ConfigLayout
[    13.610] (Information) LoadModule: "vmware"
[    13.611] (Information) Loading /usr/lib/xorg/modules/drivers/vmware_drv.so
[    13.677] (Information) Module vmware: vendor="X.Org Foundation"
[    13.677] 	compiled for 1.20.8, module version = 13.3.0
[    13.677] 	Module class: X.Org Video Driver
[    13.677] 	ABI class: X.Org Video Driver, version 24.1
[    13.677] (Information) LoadModule: "modesetting"
[    13.677] (Information) Loading /usr/lib/xorg/modules/drivers/modesetting_drv.so
[    13.678] (Information) Module modesetting: vendor="X.Org Foundation"
[    13.678] 	compiled for 1.20.9, module version = 1.20.9
[    13.678] 	Module class: X.Org Video Driver
[    13.678] 	ABI class: X.Org Video Driver, version 24.1
[    13.678] (Information) LoadModule: "fbdev"
[    13.678] (Information) Loading /usr/lib/xorg/modules/drivers/fbdev_drv.so
[    13.679] (Information) Module fbdev: vendor="X.Org Foundation"
[    13.679] 	compiled for 1.20.1, module version = 0.5.0
[    13.679] 	Module class: X.Org Video Driver
[    13.679] 	ABI class: X.Org Video Driver, version 24.0
[    13.679] (Information) LoadModule: "vesa"
[    13.679] (Information) Loading /usr/lib/xorg/modules/drivers/vesa_drv.so
[    13.679] (Information) Module vesa: vendor="X.Org Foundation"
[    13.679] 	compiled for 1.20.4, module version = 2.4.0
[    13.679] 	Module class: X.Org Video Driver
[    13.679] 	ABI class: X.Org Video Driver, version 24.0
[    13.679] (Information) vmware: driver for VMware SVGA: vmware0405, vmware0710
[    13.679] (Information) modesetting: Driver for Modesetting Kernel Drivers: kms
[    13.679] (Information) FBDEV: driver for framebuffer: fbdev
[    13.679] (Information) VESA: driver for VESA chipsets: vesa
[    13.680] (Warning) Falling back to old probe method for modesetting
[    13.680] (Warning) Falling back to old probe method for fbdev
[    13.680] (Information) Loading sub module "fbdevhw"
[    13.680] (Information) LoadModule: "fbdevhw"
[    13.680] (Information) Loading /usr/lib/xorg/modules/libfbdevhw.so
[    13.681] (Information) Module fbdevhw: vendor="X.Org Foundation"
[    13.681] 	compiled for 1.20.9, module version = 0.0.2
[    13.681] 	ABI class: X.Org Video Driver, version 24.1
[    13.681] (Information) vmware(0): Creating default Display subsection in Screen section
	"Default Screen Section" for depth/fbbpp 24/32
[    13.681] (--) vmware(0): DRM driver version is 2.15.0
[    13.681] (==) vmware(0): Depth 24, (--) framebuffer bpp 32
[    13.681] (==) vmware(0): RGB weight 888
[    13.681] (==) vmware(0): Default visual is TrueColor
[    13.681] (--) vmware(0): Min width 1, Max Width 8192.
[    13.681] (--) vmware(0): Min height 1, Max Height 8192.
[    13.681] (Information) vmware(0): Output Virtual1 has no monitor section
[    13.681] (Information) vmware(0): Output Virtual2 has no monitor section
[    13.681] (Information) vmware(0): Output Virtual3 has no monitor section
[    13.681] (Information) vmware(0): Output Virtual4 has no monitor section
[    13.681] (Information) vmware(0): Output Virtual5 has no monitor section
[    13.682] (Information) vmware(0): Output Virtual6 has no monitor section
[    13.682] (Information) vmware(0): Output Virtual7 has no monitor section
[    13.682] (Information) vmware(0): Output Virtual8 has no monitor section
[    13.682] (Information) vmware(0): Printing probed modes for output Virtual1
[    13.682] (Information) vmware(0): Modeline "800x600"x60.0   42.75  800 850 900 950  600 650 700 750 -hsync +vsync (45.0 kHz eP)
[    13.682] (Information) vmware(0): Modeline "2560x1600"x60.0  348.50  2560 2752 3032 3504  1600 1603 1609 1658 -hsync +vsync (99.5 kHz e)
[    13.682] (Information) vmware(0): Modeline "1920x1440"x60.0  234.00  1920 2048 2256 2600  1440 1441 1444 1500 -hsync +vsync (90.0 kHz e)
[    13.682] (Information) vmware(0): Modeline "1856x1392"x60.0  218.25  1856 1952 2176 2528  1392 1393 1396 1439 -hsync +vsync (86.3 kHz e)
[    13.682] (Information) vmware(0): Modeline "1792x1344"x60.0  204.75  1792 1920 2120 2448  1344 1345 1348 1394 -hsync +vsync (83.6 kHz e)
[    13.682] (Information) vmware(0): Modeline "1920x1200"x59.9  193.25  1920 2056 2256 2592  1200 1203 1209 1245 -hsync +vsync (74.6 kHz e)
[    13.682] (Information) vmware(0): Modeline "1600x1200"x60.0  162.00  1600 1664 1856 2160  1200 1201 1204 1250 +hsync +vsync (75.0 kHz e)
[    13.682] (Information) vmware(0): Modeline "1680x1050"x60.0  146.25  1680 1784 1960 2240  1050 1053 1059 1089 -hsync +vsync (65.3 kHz e)
[    13.682] (Information) vmware(0): Modeline "1400x1050"x60.0  121.75  1400 1488 1632 1864  1050 1053 1057 1089 -hsync +vsync (65.3 kHz e)
[    13.682] (Information) vmware(0): Modeline "1280x1024"x60.0  108.00  1280 1328 1440 1688  1024 1025 1028 1066 +hsync +vsync (64.0 kHz e)
[    13.682] (Information) vmware(0): Modeline "1440x900"x59.9  106.50  1440 1520 1672 1904  900 903 909 934 -hsync +vsync (55.9 kHz e)
[    13.682] (Information) vmware(0): Modeline "1280x960"x60.0  108.00  1280 1376 1488 1800  960 961 964 1000 +hsync +vsync (60.0 kHz e)
[    13.682] (Information) vmware(0): Modeline "1360x768"x60.0   85.50  1360 1424 1536 1792  768 771 777 795 +hsync +vsync (47.7 kHz e)
[    13.682] (Information) vmware(0): Modeline "1280x800"x59.8   83.50  1280 1352 1480 1680  800 803 809 831 +hsync -vsync (49.7 kHz e)
[    13.682] (Information) vmware(0): Modeline "1152x864"x75.0  108.00  1152 1216 1344 1600  864 865 868 900 +hsync +vsync (67.5 kHz e)
[    13.682] (Information) vmware(0): Modeline "1280x768"x59.9   79.50  1280 1344 1472 1664  768 771 778 798 -hsync +vsync (47.8 kHz e)
[    13.682] (Information) vmware(0): Modeline "1024x768"x60.0   65.00  1024 1048 1184 1344  768 771 777 806 -hsync -vsync (48.4 kHz e)
[    13.682] (Information) vmware(0): Modeline "800x600"x60.3   40.00  800 840 968 1056  600 601 605 628 +hsync +vsync (37.9 kHz e)
[    13.682] (Information) vmware(0): Modeline "640x480"x59.9   25.18  640 656 752 800  480 489 492 525 -hsync -vsync (31.5 kHz e)
[    13.682] (Information) vmware(0): EDID for output Virtual2
[    13.682] (Information) vmware(0): EDID for output Virtual3
[    13.682] (Information) vmware(0): EDID for output Virtual4
[    13.682] (Information) vmware(0): EDID for output Virtual5
[    13.682] (Information) vmware(0): EDID for output Virtual6
[    13.682] (Information) vmware(0): EDID for output Virtual7
[    13.682] (Information) vmware(0): EDID for output Virtual8
[    13.682] (Information) vmware(0): Output Virtual1 connected
[    13.682] (Information) vmware(0): Output Virtual2 disconnected
[    13.682] (Information) vmware(0): Output Virtual3 disconnected
[    13.682] (Information) vmware(0): Output Virtual4 disconnected
[    13.682] (Information) vmware(0): Output Virtual5 disconnected
[    13.682] (Information) vmware(0): Output Virtual6 disconnected
[    13.682] (Information) vmware(0): Output Virtual7 disconnected
[    13.682] (Information) vmware(0): Output Virtual8 disconnected
[    13.682] (Information) vmware(0): Using exact sizes for initial modes
[    13.682] (Information) vmware(0): Output Virtual1 using initial mode 800x600 +0+0
[    13.682] (==) vmware(0): DPI set to (96, 96)
[    13.682] (==) vmware(0): Using gamma correction (1.0, 1.0, 1.0)
[    13.682] (Information) Loading sub module "fb"
[    13.682] (Information) LoadModule: "fb"
[    13.682] (Information) Loading /usr/lib/xorg/modules/libfb.so
[    13.684] (Information) Module fb: vendor="X.Org Foundation"
[    13.684] 	compiled for 1.20.9, module version = 1.0.0
[    13.684] 	ABI class: X.Org ANSI C Emulation, version 0.4
[    13.684] (Information) Loading sub module "dri2"
[    13.684] (Information) LoadModule: "dri2"
[    13.684] (Information) Module "dri2" already built-in
[    13.684] (Information) Loading sub module "dri3"
[    13.684] (Information) LoadModule: "dri3"
[    13.684] (Information) Module "dri3" already built-in
[    13.684] (Information) UnloadModule: "modesetting"
[    13.684] (Information) Unloading modesetting
[    13.684] (Information) UnloadModule: "fbdev"
[    13.684] (Information) Unloading fbdev
[    13.684] (Information) UnloadSubModule: "fbdevhw"
[    13.684] (Information) Unloading fbdevhw
[    13.684] (Information) UnloadModule: "vesa"
[    13.684] (Information) Unloading vesa
[    13.685] (Information) vmware(0): Initialized VMWARE_CTRL extension version 0.2
[    13.691] (Warning) vmware(0): Failed to initialize Gallium3D Xa. No render acceleration available.
[    13.691] (Warning) vmware(0): Skipped initialization of direct rendering due to lack of render acceleration.
[    13.691] (--) vmware(0): Render acceleration is disabled.
[    13.691] (==) vmware(0): Rendercheck mode is disabled.
[    13.691] (--) vmware(0): Direct rendering (DRI2 3D) is disabled.
[    13.691] (--) vmware(0): Direct rendering (DRI3 3D) is disabled.
[    13.691] (==) vmware(0): Backing store enabled
[    13.691] (==) vmware(0): Silken mouse enabled
[    13.692] (==) vmware(0): DPMS enabled
[    13.692] (Information) vmware(0): No 3D acceleration. Not setting up textured video.
[    13.692] (Warning) vmware(0): Disabling Xv because no adaptors could be initialized.
[    13.692] (Information) Initializing extension Generic Event Extension
[    13.693] (Information) Initializing extension SHAPE
[    13.693] (Information) Initializing extension MIT-SHM
[    13.693] (Information) Initializing extension XInputExtension
[    13.694] (Information) Initializing extension XTEST
[    13.695] (Information) Initializing extension BIG-REQUESTS
[    13.695] (Information) Initializing extension SYNC
[    13.696] (Information) Initializing extension XKEYBOARD
[    13.696] (Information) Initializing extension XC-MISC
[    13.696] (Information) Initializing extension SECURITY
[    13.696] (Information) Initializing extension XFIXES
[    13.697] (Information) Initializing extension RENDER
[    13.697] (Information) Initializing extension RANDR
[    13.697] (Information) Initializing extension COMPOSITE
[    13.697] (Information) Initializing extension DAMAGE
[    13.697] (Information) Initializing extension MIT-SCREEN-SAVER
[    13.698] (Information) Initializing extension DOUBLE-BUFFER
[    13.698] (Information) Initializing extension RECORD
[    13.698] (Information) Initializing extension DPMS
[    13.698] (Information) Initializing extension Present
[    13.698] (Information) Initializing extension DRI3
[    13.698] (Information) Initializing extension X-Resource
[    13.698] (Information) Initializing extension XVideo
[    13.698] (Information) Initializing extension XVideo-MotionCompensation
[    13.698] (Information) Initializing extension SELinux
[    13.698] (Information) SELinux: Disabled on system
[    13.698] (Information) Initializing extension GLX
[    13.701] (Information) AIGLX: Screen 0 is not DRI2 capable
[    13.729] (Information) IGLX: Loaded and initialized swrast
[    13.729] (Information) GLX: Initialized DRISWRAST GL provider for screen 0
[    13.729] (Information) Initializing extension XFree86-VidModeExtension
[    13.729] (Information) Initializing extension XFree86-DGA
[    13.730] (Information) Initializing extension XFree86-DRI
[    13.730] (Information) Initializing extension DRI2
[    13.736] (Information) vmware(0): Setting screen physical size to 211 x 158
[    13.817] (Information) config/udev: Adding input device Power Button (/dev/input/event0)
[    13.819] (**) Power Button: Applying InputClass "libinput keyboard catchall"
[    13.819] (Information) LoadModule: "libinput"
[    13.819] (Information) Loading /usr/lib/xorg/modules/input/libinput_drv.so
[    13.824] (Information) Module libinput: vendor="X.Org Foundation"
[    13.824] 	compiled for 1.20.4, module version = 0.29.0
[    13.824] 	Module class: X.Org XInput Driver
[    13.824] 	ABI class: X.Org XInput driver, version 24.1
[    13.824] (Information) Using input driver 'libinput' for 'Power Button'
[    13.824] (**) Power Button: always reports core events
[    13.824] (**) Option "Device" "/dev/input/event0"
[    13.824] (**) Option "_source" "server/udev"
[    13.833] (Information) event0  - Power Button: is tagged by udev as: Keyboard
[    13.833] (Information) event0  - Power Button: device is a keyboard
[    13.833] (Information) event0  - Power Button: device removed
[    13.833] (**) Option "config_info" "udev:/sys/devices/LNXSYSTM:00/LNXPWRBN:00/input/input0/event0"
[    13.833] (Information) XINPUT: Adding extended input device "Power Button" (type: KEYBOARD, id 6)
[    13.833] (**) Option "xkb_model" "pc105"
[    13.833] (**) Option "xkb_layout" "us"
[    13.834] (Information) event0  - Power Button: is tagged by udev as: Keyboard
[    13.834] (Information) event0  - Power Button: device is a keyboard
[    13.834] (Information) config/udev: Adding input device Sleep Button (/dev/input/event1)
[    13.834] (**) Sleep Button: Applying InputClass "libinput keyboard catchall"
[    13.834] (Information) Using input driver 'libinput' for 'Sleep Button'
[    13.834] (**) Sleep Button: always reports core events
[    13.835] (**) Option "Device" "/dev/input/event1"
[    13.835] (**) Option "_source" "server/udev"
[    13.838] (Information) event1  - Sleep Button: is tagged by udev as: Keyboard
[    13.838] (Information) event1  - Sleep Button: device is a keyboard
[    13.839] (Information) event1  - Sleep Button: device removed
[    13.839] (**) Option "config_info" "udev:/sys/devices/LNXSYSTM:00/LNXSLPBN:00/input/input1/event1"
[    13.839] (Information) XINPUT: Adding extended input device "Sleep Button" (type: KEYBOARD, id 7)
[    13.839] (**) Option "xkb_model" "pc105"
[    13.839] (**) Option "xkb_layout" "us"
[    13.839] (Information) event1  - Sleep Button: is tagged by udev as: Keyboard
[    13.839] (Information) event1  - Sleep Button: device is a keyboard
[    13.840] (Information) config/udev: Adding input device Video Bus (/dev/input/event3)
[    13.840] (**) Video Bus: Applying InputClass "libinput keyboard catchall"
[    13.840] (Information) Using input driver 'libinput' for 'Video Bus'
[    13.840] (**) Video Bus: always reports core events
[    13.840] (**) Option "Device" "/dev/input/event3"
[    13.840] (**) Option "_source" "server/udev"
[    13.841] (Information) event3  - Video Bus: is tagged by udev as: Keyboard
[    13.841] (Information) event3  - Video Bus: device is a keyboard
[    13.841] (Information) event3  - Video Bus: device removed
[    13.841] (**) Option "config_info" "udev:/sys/devices/LNXSYSTM:00/LNXSYBUS:00/PNP0A03:00/LNXVIDEO:00/input/input4/event3"
[    13.841] (Information) XINPUT: Adding extended input device "Video Bus" (type: KEYBOARD, id 8)
[    13.841] (**) Option "xkb_model" "pc105"
[    13.841] (**) Option "xkb_layout" "us"
[    13.842] (Information) event3  - Video Bus: is tagged by udev as: Keyboard
[    13.842] (Information) event3  - Video Bus: device is a keyboard
[    13.847] (Information) config/udev: Adding input device VirtualBox mouse integration (/dev/input/event6)
[    13.847] (**) VirtualBox mouse integration: Applying InputClass "libinput pointer catchall"
[    13.847] (Information) Using input driver 'libinput' for 'VirtualBox mouse integration'
[    13.847] (**) VirtualBox mouse integration: always reports core events
[    13.847] (**) Option "Device" "/dev/input/event6"
[    13.847] (**) Option "_source" "server/udev"
[    13.848] (Information) event6  - VirtualBox mouse integration: is tagged by udev as: Mouse
[    13.848] (Information) event6  - VirtualBox mouse integration: device is a pointer
[    13.848] (Information) event6  - VirtualBox mouse integration: device removed
[    13.848] (**) Option "config_info" "udev:/sys/devices/pci0000:00/0000:00:04.0/input/input7/event6"
[    13.848] (Information) XINPUT: Adding extended input device "VirtualBox mouse integration" (type: MOUSE, id 9)
[    13.848] (**) Option "AccelerationScheme" "none"
[    13.848] (**) VirtualBox mouse integration: (accel) selected scheme none/0
[    13.848] (**) VirtualBox mouse integration: (accel) acceleration factor: 2.000
[    13.848] (**) VirtualBox mouse integration: (accel) acceleration threshold: 4
[    13.849] (Information) event6  - VirtualBox mouse integration: is tagged by udev as: Mouse
[    13.849] (Information) event6  - VirtualBox mouse integration: device is a pointer
[    13.849] (Information) config/udev: Adding input device VirtualBox mouse integration (/dev/input/js1)
[    13.849] (Information) No input driver specified, ignoring this device.
[    13.849] (Information) This device may have been added with another device file.
[    13.850] (Information) config/udev: Adding input device VirtualBox USB Tablet (/dev/input/event5)
[    13.850] (**) VirtualBox USB Tablet: Applying InputClass "libinput pointer catchall"
[    13.850] (Information) Using input driver 'libinput' for 'VirtualBox USB Tablet'
[    13.850] (**) VirtualBox USB Tablet: always reports core events
[    13.850] (**) Option "Device" "/dev/input/event5"
[    13.850] (**) Option "_source" "server/udev"
[    13.908] (Information) event5  - VirtualBox USB Tablet: is tagged by udev as: Mouse
[    13.908] (Information) event5  - VirtualBox USB Tablet: device is a pointer
[    13.908] (Information) event5  - VirtualBox USB Tablet: device removed
[    13.909] (**) Option "config_info" "udev:/sys/devices/pci0000:00/0000:00:06.0/usb1/1-1/1-1:1.0/0003:80EE:0021.0001/input/input6/event5"
[    13.909] (Information) XINPUT: Adding extended input device "VirtualBox USB Tablet" (type: MOUSE, id 10)
[    13.909] (**) Option "AccelerationScheme" "none"
[    13.909] (**) VirtualBox USB Tablet: (accel) selected scheme none/0
[    13.909] (**) VirtualBox USB Tablet: (accel) acceleration factor: 2.000
[    13.909] (**) VirtualBox USB Tablet: (accel) acceleration threshold: 4
[    13.968] (Information) event5  - VirtualBox USB Tablet: is tagged by udev as: Mouse
[    13.968] (Information) event5  - VirtualBox USB Tablet: device is a pointer
[    13.969] (Information) config/udev: Adding input device VirtualBox USB Tablet (/dev/input/js0)
[    13.969] (Information) No input driver specified, ignoring this device.
[    13.969] (Information) This device may have been added with another device file.
[    13.970] (Information) config/udev: Adding input device VirtualBox USB Tablet (/dev/input/mouse1)
[    13.970] (Information) No input driver specified, ignoring this device.
[    13.970] (Information) This device may have been added with another device file.
[    13.970] (Information) config/udev: Adding input device AT Translated Set 2 keyboard (/dev/input/event2)
[    13.970] (**) AT Translated Set 2 keyboard: Applying InputClass "libinput keyboard catchall"
[    13.970] (Information) Using input driver 'libinput' for 'AT Translated Set 2 keyboard'
[    13.970] (**) AT Translated Set 2 keyboard: always reports core events
[    13.970] (**) Option "Device" "/dev/input/event2"
[    13.970] (**) Option "_source" "server/udev"
[    13.971] (Information) event2  - AT Translated Set 2 keyboard: is tagged by udev as: Keyboard
[    13.971] (Information) event2  - AT Translated Set 2 keyboard: device is a keyboard
[    13.971] (Information) event2  - AT Translated Set 2 keyboard: device removed
[    13.971] (**) Option "config_info" "udev:/sys/devices/platform/i8042/serio0/input/input2/event2"
[    13.971] (Information) XINPUT: Adding extended input device "AT Translated Set 2 keyboard" (type: KEYBOARD, id 11)
[    13.972] (**) Option "xkb_model" "pc105"
[    13.972] (**) Option "xkb_layout" "us"
[    13.972] (Information) event2  - AT Translated Set 2 keyboard: is tagged by udev as: Keyboard
[    13.973] (Information) event2  - AT Translated Set 2 keyboard: device is a keyboard
[    13.973] (Information) config/udev: Adding input device ImExPS/2 Generic Explorer Mouse (/dev/input/event4)
[    13.973] (**) ImExPS/2 Generic Explorer Mouse: Applying InputClass "libinput pointer catchall"
[    13.973] (Information) Using input driver 'libinput' for 'ImExPS/2 Generic Explorer Mouse'
[    13.973] (**) ImExPS/2 Generic Explorer Mouse: always reports core events
[    13.973] (**) Option "Device" "/dev/input/event4"
[    13.973] (**) Option "_source" "server/udev"
[    13.974] (Information) event4  - ImExPS/2 Generic Explorer Mouse: is tagged by udev as: Mouse
[    13.974] (Information) event4  - ImExPS/2 Generic Explorer Mouse: device is a pointer
[    13.975] (Information) event4  - ImExPS/2 Generic Explorer Mouse: device removed
[    13.975] (**) Option "config_info" "udev:/sys/devices/platform/i8042/serio1/input/input5/event4"
[    13.975] (Information) XINPUT: Adding extended input device "ImExPS/2 Generic Explorer Mouse" (type: MOUSE, id 12)
[    13.975] (**) Option "AccelerationScheme" "none"
[    13.975] (**) ImExPS/2 Generic Explorer Mouse: (accel) selected scheme none/0
[    13.975] (**) ImExPS/2 Generic Explorer Mouse: (accel) acceleration factor: 2.000
[    13.975] (**) ImExPS/2 Generic Explorer Mouse: (accel) acceleration threshold: 4
[    13.976] (Information) event4  - ImExPS/2 Generic Explorer Mouse: is tagged by udev as: Mouse
[    13.976] (Information) event4  - ImExPS/2 Generic Explorer Mouse: device is a pointer
[    13.976] (Information) config/udev: Adding input device ImExPS/2 Generic Explorer Mouse (/dev/input/mouse0)
[    13.976] (Information) No input driver specified, ignoring this device.
[    13.976] (Information) This device may have been added with another device file.
